\BOOKMARK [0][-]{chapter*.2}{\376\377\000\332\000v\000o\000d}{}% 1
\BOOKMARK [0][-]{chapter.1}{\376\377\000R\000N\000A\000\040\001\141\000t\000r\000u\000k\000t\000\372\000r\000a}{}% 2
\BOOKMARK [1][-]{section.1.1}{\376\377\000R\000N\000A}{chapter.1}% 3
\BOOKMARK [1][-]{section.1.2}{\376\377\000D\000r\000u\000h\000y\000\040\000a\000\040\000f\000u\000n\000k\000c\000i\000e\000\040\000R\000N\000A}{chapter.1}% 4
\BOOKMARK [1][-]{section.1.3}{\376\377\000R\000e\000p\000r\000e\000z\000e\000n\000t\000\341\000c\000i\000a\000\040\000a\000\040\000p\000r\000\341\000c\000a\000\040\000s\000\040\000R\000N\000A}{chapter.1}% 5
\BOOKMARK [1][-]{section.1.4}{\376\377\000V\000\375\000z\000n\000a\000m\000\040\000a\000\040\000z\000\355\000s\000k\000a\000v\000a\000n\000i\000e\000\040\000t\000e\000r\000c\000i\000\341\000r\000n\000e\000j\000\040\001\141\000t\000r\000u\000k\000t\000\372\000r\000y}{chapter.1}% 6
\BOOKMARK [0][-]{chapter.2}{\376\377\000M\000e\000t\000\363\000d\000y\000\040\000v\000\375\000p\000o\001\015\000e\000t\000n\000e\000j\000\040\000p\000r\000e\000d\000i\000k\000c\000i\000e}{}% 7
\BOOKMARK [1][-]{section.2.1}{\376\377\000A\000b\000\040\000i\000n\000i\000t\000i\000o\000\040\000p\000r\000e\000d\000i\000k\000c\000i\000a}{chapter.2}% 8
\BOOKMARK [1][-]{section.2.2}{\376\377\000K\000n\000o\000w\000l\000e\000d\000g\000e\000\040\000b\000a\000s\000e\000d\000\040\000d\000e\000\040\000n\000o\000v\000o\000\040\000p\000r\000e\000d\000i\000k\000c\000i\000a}{chapter.2}% 9
\BOOKMARK [1][-]{section.2.3}{\376\377\000A\000l\000i\000g\000n\000m\000e\000n\000t\000\040\000s\000e\000k\000v\000e\000n\000c\000i\000\355}{chapter.2}% 10
\BOOKMARK [1][-]{section.2.4}{\376\377\000H\000o\000m\000o\000l\000\363\000g\000n\000e\000\040\000m\000o\000d\000e\000l\000o\000v\000a\000n\000i\000e}{chapter.2}% 11
\BOOKMARK [1][-]{section.2.5}{\376\377\000P\000r\000e\000h\001\076\000a\000d\000\040\000e\000x\000i\000s\000t\000u\000j\000\372\000c\000i\000x\000h\000\040\000n\000\341\000s\000t\000r\000o\000j\000o\000v}{chapter.2}% 12
\BOOKMARK [1][-]{section.2.6}{\376\377\000M\000o\000d\000e\000R\000N\000A}{chapter.2}% 13
\BOOKMARK [0][-]{chapter.3}{\376\377\000T\000a\000b\000u\000l\000k\000y\000,\000\040\000o\000b\000r\000\341\000z\000k\000y\000,\000\040\000p\000r\000o\000g\000r\000a\000m\000y}{}% 14
\BOOKMARK [1][-]{section.3.1}{\376\377\000T\000a\000b\000u\000l\000k\000y}{chapter.3}% 15
\BOOKMARK [1][-]{section.3.2}{\376\377\000O\000b\000r\000\341\000z\000k\000y}{chapter.3}% 16
\BOOKMARK [1][-]{section.3.3}{\376\377\000P\000r\000o\000g\000r\000a\000m\000y}{chapter.3}% 17
\BOOKMARK [0][-]{chapter.4}{\376\377\000F\000o\000r\000m\000\341\000t\000\040\000P\000D\000F\000/\000A}{}% 18
\BOOKMARK [0][-]{chapter*.3}{\376\377\000Z\000\341\000v\001\033\000r}{}% 19
\BOOKMARK [0][-]{chapter*.4}{\376\377\000S\000e\000z\000n\000a\000m\000\040\000p\000o\000u\001\176\000i\000t\000\351\000\040\000l\000i\000t\000e\000r\000a\000t\000u\000r\000y}{}% 20
\BOOKMARK [0][-]{chapter*.5}{\376\377\000S\000e\000z\000n\000a\000m\000\040\000o\000b\000r\000\341\000z\000k\001\157}{}% 21
\BOOKMARK [0][-]{chapter*.6}{\376\377\000S\000e\000z\000n\000a\000m\000\040\000t\000a\000b\000u\000l\000e\000k}{}% 22
\BOOKMARK [0][-]{chapter*.7}{\376\377\000S\000e\000z\000n\000a\000m\000\040\000p\000o\000u\001\176\000i\000t\000\375\000c\000h\000\040\000z\000k\000r\000a\000t\000e\000k}{}% 23
\BOOKMARK [0][-]{appendix.A}{\376\377\000P\001\131\000\355\000l\000o\000h\000y}{}% 24
\BOOKMARK [1][-]{section.A.1}{\376\377\000P\000r\000v\000n\000\355\000\040\000p\001\131\000\355\000l\000o\000h\000a}{appendix.A}% 25
