This is pdfTeX, Version 3.14159265-2.6-1.40.20 (MiKTeX 2.9.7000 64-bit) (preloaded format=pdflatex 2019.5.15)  16 JUL 2019 21:38
entering extended mode
**./prace.tex
(prace.tex
LaTeX2e <2018-12-01>
("C:\Users\rgalv\AppData\Local\Programs\MiKTeX 2.9\tex/latex/base\report.cls"
Document Class: report 2018/09/03 v1.4i Standard LaTeX document class
("C:\Users\rgalv\AppData\Local\Programs\MiKTeX 2.9\tex/latex/base\size12.clo"
File: size12.clo 2018/09/03 v1.4i Standard LaTeX file (size option)
)
\c@part=\count80
\c@chapter=\count81
\c@section=\count82
\c@subsection=\count83
\c@subsubsection=\count84
\c@paragraph=\count85
\c@subparagraph=\count86
\c@figure=\count87
\c@table=\count88
\abovecaptionskip=\skip41
\belowcaptionskip=\skip42
\bibindent=\dimen102
) ("C:\Users\rgalv\AppData\Local\Programs\MiKTeX 2.9\tex/latex/pdfx\pdfx.sty"
Package: pdfx 2019/02/27 v1.6.3 PDF/X and PDF/A support (CVR/HTH/RRM/PS)
\pdfx@minorversion=\count89

("C:\Users\rgalv\AppData\Local\Programs\MiKTeX 2.9\tex/latex/iftex\iftex.sty"
Package: iftex 2013/04/04 v0.2 Provides if(tex) conditional for PDFTeX, XeTeX, 
and LuaTeX
)
("C:\Users\rgalv\AppData\Local\Programs\MiKTeX 2.9\tex/generic/oberdiek\ifpdf.s
ty"
Package: ifpdf 2018/09/07 v3.3 Provides the ifpdf switch
)
("C:\Users\rgalv\AppData\Local\Programs\MiKTeX 2.9\tex/generic/ifxetex\ifxetex.
sty"
Package: ifxetex 2010/09/12 v0.6 Provides ifxetex conditional
)
("C:\Users\rgalv\AppData\Local\Programs\MiKTeX 2.9\tex/latex/ms\everyshi.sty"
Package: everyshi 2001/05/15 v3.00 EveryShipout Package (MS)
)
("C:\Users\rgalv\AppData\Local\Programs\MiKTeX 2.9\tex/generic/oberdiek\ifluate
x.sty"
Package: ifluatex 2016/05/16 v1.4 Provides the ifluatex switch (HO)
Package ifluatex Info: LuaTeX not detected.
){C:/Users/rgalv/AppData/Local/MiKTeX/2.9/pdftex/config/pdftex.map}
("C:\Users\rgalv\AppData\Local\Programs\MiKTeX 2.9\tex/latex/base\inputenc.sty"
Package: inputenc 2018/08/11 v1.3c Input encoding file
\inpenc@prehook=\toks14
\inpenc@posthook=\toks15
) ("C:\Users\rgalv\AppData\Local\Programs\MiKTeX 2.9\tex/latex/pdfx\l8u-penc.de
f"
File: l8u-penc.def 2017/06/23 v0.8 Custom LaTeX file, for UTF8 encoded letters 
and symbols
LaTeX Info: Composite with undeclared \b in encoding L8U on input line 278.
)
\pdfxsafeforxmp@toks=\toks16

("C:\Users\rgalv\AppData\Local\Programs\MiKTeX 2.9\tex/latex/xcolor\xcolor.sty"
Package: xcolor 2016/05/11 v2.12 LaTeX color extensions (UK)

("C:\Users\rgalv\AppData\Local\Programs\MiKTeX 2.9\tex/latex/graphics-cfg\color
.cfg"
File: color.cfg 2016/01/02 v1.6 sample color configuration
)
Package xcolor Info: Driver file: pdftex.def on input line 225.

("C:\Users\rgalv\AppData\Local\Programs\MiKTeX 2.9\tex/latex/graphics-def\pdfte
x.def"
File: pdftex.def 2018/01/08 v1.0l Graphics/color driver for pdftex
)
Package xcolor Info: Model `cmy' substituted by `cmy0' on input line 1348.
Package xcolor Info: Model `hsb' substituted by `rgb' on input line 1352.
Package xcolor Info: Model `RGB' extended on input line 1364.
Package xcolor Info: Model `HTML' substituted by `rgb' on input line 1366.
Package xcolor Info: Model `Hsb' substituted by `hsb' on input line 1367.
Package xcolor Info: Model `tHsb' substituted by `hsb' on input line 1368.
Package xcolor Info: Model `HSB' substituted by `hsb' on input line 1369.
Package xcolor Info: Model `Gray' substituted by `gray' on input line 1370.
Package xcolor Info: Model `wave' substituted by `hsb' on input line 1371.
)
\pdfx@tmptoks=\toks17

("C:\Users\rgalv\AppData\Local\Programs\MiKTeX 2.9\tex/latex/hyperref\hyperref.
sty"
Package: hyperref 2018/11/30 v6.88e Hypertext links for LaTeX

("C:\Users\rgalv\AppData\Local\Programs\MiKTeX 2.9\tex/generic/oberdiek\hobsub-
hyperref.sty"
Package: hobsub-hyperref 2016/05/16 v1.14 Bundle oberdiek, subset hyperref (HO)


("C:\Users\rgalv\AppData\Local\Programs\MiKTeX 2.9\tex/generic/oberdiek\hobsub-
generic.sty"
Package: hobsub-generic 2016/05/16 v1.14 Bundle oberdiek, subset generic (HO)
Package: hobsub 2016/05/16 v1.14 Construct package bundles (HO)
Package: infwarerr 2016/05/16 v1.4 Providing info/warning/error messages (HO)
Package: ltxcmds 2016/05/16 v1.23 LaTeX kernel commands for general use (HO)
Package hobsub Info: Skipping package `ifluatex' (already loaded).
Package: ifvtex 2016/05/16 v1.6 Detect VTeX and its facilities (HO)
Package ifvtex Info: VTeX not detected.
Package: intcalc 2016/05/16 v1.2 Expandable calculations with integers (HO)
Package hobsub Info: Skipping package `ifpdf' (already loaded).
Package: etexcmds 2016/05/16 v1.6 Avoid name clashes with e-TeX commands (HO)
Package: kvsetkeys 2016/05/16 v1.17 Key value parser (HO)
Package: kvdefinekeys 2016/05/16 v1.4 Define keys (HO)
Package: pdftexcmds 2018/09/10 v0.29 Utility functions of pdfTeX for LuaTeX (HO
)
Package pdftexcmds Info: LuaTeX not detected.
Package pdftexcmds Info: \pdf@primitive is available.
Package pdftexcmds Info: \pdf@ifprimitive is available.
Package pdftexcmds Info: \pdfdraftmode found.
Package: pdfescape 2016/05/16 v1.14 Implements pdfTeX's escape features (HO)
Package: bigintcalc 2016/05/16 v1.4 Expandable calculations on big integers (HO
)
Package: bitset 2016/05/16 v1.2 Handle bit-vector datatype (HO)
Package: uniquecounter 2016/05/16 v1.3 Provide unlimited unique counter (HO)
)
Package hobsub Info: Skipping package `hobsub' (already loaded).
Package: letltxmacro 2016/05/16 v1.5 Let assignment for LaTeX macros (HO)
Package: hopatch 2016/05/16 v1.3 Wrapper for package hooks (HO)
Package: xcolor-patch 2016/05/16 xcolor patch
Package: atveryend 2016/05/16 v1.9 Hooks at the very end of document (HO)
Package atveryend Info: \enddocument detected (standard20110627).
Package: atbegshi 2016/06/09 v1.18 At begin shipout hook (HO)
Package: refcount 2016/05/16 v3.5 Data extraction from label references (HO)
Package: hycolor 2016/05/16 v1.8 Color options for hyperref/bookmark (HO)
)
("C:\Users\rgalv\AppData\Local\Programs\MiKTeX 2.9\tex/latex/graphics\keyval.st
y"
Package: keyval 2014/10/28 v1.15 key=value parser (DPC)
\KV@toks@=\toks18
)
("C:\Users\rgalv\AppData\Local\Programs\MiKTeX 2.9\tex/latex/oberdiek\auxhook.s
ty"
Package: auxhook 2016/05/16 v1.4 Hooks for auxiliary files (HO)
)
("C:\Users\rgalv\AppData\Local\Programs\MiKTeX 2.9\tex/latex/oberdiek\kvoptions
.sty"
Package: kvoptions 2016/05/16 v3.12 Key value format for package options (HO)
)
\@linkdim=\dimen103
\Hy@linkcounter=\count90
\Hy@pagecounter=\count91

("C:\Users\rgalv\AppData\Local\Programs\MiKTeX 2.9\tex/latex/hyperref\pd1enc.de
f"
File: pd1enc.def 2018/11/30 v6.88e Hyperref: PDFDocEncoding definition (HO)
)
\Hy@SavedSpaceFactor=\count92

("C:\Users\rgalv\AppData\Local\Programs\MiKTeX 2.9\tex/latex/00miktex\hyperref.
cfg"
File: hyperref.cfg 2002/06/06 v1.2 hyperref configuration of TeXLive
)
Package hyperref Info: Option `pdfa' set `true' on input line 4393.
Package hyperref Info: Hyper figures OFF on input line 4519.
Package hyperref Info: Link nesting OFF on input line 4524.
Package hyperref Info: Hyper index ON on input line 4527.
Package hyperref Info: Plain pages OFF on input line 4534.
Package hyperref Info: Backreferencing OFF on input line 4539.
Package hyperref Info: Implicit mode ON; LaTeX internals redefined.
Package hyperref Info: Bookmarks ON on input line 4772.
\c@Hy@tempcnt=\count93
 ("C:\Users\rgalv\AppData\Local\Programs\MiKTeX 2.9\tex/latex/url\url.sty"
\Urlmuskip=\muskip10
Package: url 2013/09/16  ver 3.4  Verb mode for urls, etc.
)
LaTeX Info: Redefining \url on input line 5125.
\XeTeXLinkMargin=\dimen104
\Fld@menulength=\count94
\Field@Width=\dimen105
\Fld@charsize=\dimen106
Package hyperref Info: Hyper figures OFF on input line 6380.
Package hyperref Info: Link nesting OFF on input line 6385.
Package hyperref Info: Hyper index ON on input line 6388.
Package hyperref Info: backreferencing OFF on input line 6395.
Package hyperref Info: Link coloring OFF on input line 6400.
Package hyperref Info: Link coloring with OCG OFF on input line 6405.
Package hyperref Info: PDF/A mode ON on input line 6408.
LaTeX Info: Redefining \ref on input line 6450.
LaTeX Info: Redefining \pageref on input line 6454.
\Hy@abspage=\count95
\c@Item=\count96
\c@Hfootnote=\count97
)
Package hyperref Info: Driver: hpdftex.

("C:\Users\rgalv\AppData\Local\Programs\MiKTeX 2.9\tex/latex/hyperref\hpdftex.d
ef"
File: hpdftex.def 2018/11/30 v6.88e Hyperref driver for pdfTeX
\Fld@listcount=\count98
\c@bookmark@seq@number=\count99

("C:\Users\rgalv\AppData\Local\Programs\MiKTeX 2.9\tex/latex/oberdiek\rerunfile
check.sty"
Package: rerunfilecheck 2016/05/16 v1.8 Rerun checks for auxiliary files (HO)
Package uniquecounter Info: New unique counter `rerunfilecheck' on input line 2
82.
)
\Hy@SectionHShift=\skip43
)
Package hyperref Info: Option `unicode' set `true' on input line 1463.

("C:\Users\rgalv\AppData\Local\Programs\MiKTeX 2.9\tex/latex/hyperref\puenc.def
"
File: puenc.def 2018/11/30 v6.88e Hyperref: PDF Unicode definition (HO)
)
("C:\Users\rgalv\AppData\Local\Programs\MiKTeX 2.9\tex/generic/oberdiek\stringe
nc.sty"
Package: stringenc 2016/05/16 v1.11 Convert strings between diff. encodings (HO
)
)
Package hyperref Info: Option `psdextra' set `true' on input line 1465.

("C:\Users\rgalv\AppData\Local\Programs\MiKTeX 2.9\tex/latex/hyperref\psdextra.
def"
File: psdextra.def 2018/11/30 v6.88e Hyperref: Additions to PDF string support
)
("C:\Users\rgalv\AppData\Local\Programs\MiKTeX 2.9\tex/generic/colorprofiles\co
lorprofiles.sty"
Package: colorprofiles 2018/11/01 v1.0.1 color profiles for PDF/X and PDF/A sup
port

("C:\Users\rgalv\AppData\Local\Programs\MiKTeX 2.9\tex/generic/colorprofiles\co
lorprofiles.tex"))
("C:\Users\rgalv\AppData\Local\Programs\MiKTeX 2.9\tex/generic/oberdiek\se-pdfd
oc.def"
File: se-pdfdoc.def 2016/05/16 v1.11 stringenc: PDFDocEncoding
)
("C:\Users\rgalv\AppData\Local\Programs\MiKTeX 2.9\tex/latex/pdfx\AdobeColorPro
files.tex")
("C:\Users\rgalv\AppData\Local\Programs\MiKTeX 2.9\tex/latex/pdfx\8bit.def"
File: 8bit.def 2008/03/30 v1.1d Input encoding file
)
** pdfx: Metadata file prace.xmpdata read successfully.
(prace.xmpdata)<<sRGB.icc>>
("C:\Users\rgalv\AppData\Local\Programs\MiKTeX 2.9\tex/latex/pdfx\8bit.def"
File: 8bit.def 2008/03/30 v1.1d Input encoding file
)
("C:\Users\rgalv\AppData\Local\Programs\MiKTeX 2.9\tex/latex/pdfx\8bit.def"
File: 8bit.def 2008/03/30 v1.1d Input encoding file
)
("C:\Users\rgalv\AppData\Local\Programs\MiKTeX 2.9\tex/generic/oberdiek\se-utf8
.def"
File: se-utf8.def 2016/05/16 v1.11 stringenc: UTF-8
)
("C:\Users\rgalv\AppData\Local\Programs\MiKTeX 2.9\tex/latex/pdfx\8bit.def"
File: 8bit.def 2008/03/30 v1.1d Input encoding file
)
Package hyperref Info: Option `unicode' set `true' on input line 2411.
Package hyperref Info: Option `unicode' set `true' on input line 2412.

("C:\Users\rgalv\AppData\Local\Programs\MiKTeX 2.9\tex/latex/pdfx\8bit.def"
File: 8bit.def 2008/03/30 v1.1d Input encoding file
)
("C:\Users\rgalv\AppData\Local\Programs\MiKTeX 2.9\tex/generic/pdftex\glyphtoun
icode.tex")
("C:\Users\rgalv\AppData\Local\Programs\MiKTeX 2.9\tex/latex/pdfx\glyphtounicod
e-cmr.tex")
("C:\Users\rgalv\AppData\Local\Programs\MiKTeX 2.9\tex/latex/pdfx\glyphtounicod
e-ntx.tex")
("C:\Users\rgalv\AppData\Local\Programs\MiKTeX 2.9\tex/latex/base\ifthen.sty"
Package: ifthen 2014/09/29 v1.1c Standard LaTeX ifthen package (DPC)
)
("C:\Users\rgalv\AppData\Local\Programs\MiKTeX 2.9\tex/latex/xmpincl\xmpincl.st
y"
Package: xmpincl 2008/05/10 v2.2 Include XMP data in pdflatex
) ("C:\Users\rgalv\AppData\Local\Programs\MiKTeX 2.9\tex/latex/pdfx\8bit.def"
File: 8bit.def 2008/03/30 v1.1d Input encoding file
)
Using XMP template file: pdfa.xmp
\xmpinclWrite=\write3
\xmpinclRead=\read1
\openout3 = `pdfa.xmpi'.

<<pdfa.xmpi>>)
("C:\Users\rgalv\AppData\Local\Programs\MiKTeX 2.9\tex/generic/babel\babel.sty"
Package: babel 2019/04/01 3.28 The Babel package
("C:\Users\rgalv\AppData\Local\Programs\MiKTeX 2.9\tex/generic/babel\switch.def
"
File: switch.def 2019/04/01 3.28 Babel switching mechanism
)
*************************************
* Local config file bblopts.cfg used
*
("C:\Users\rgalv\AppData\Local\Programs\MiKTeX 2.9\tex/latex/arabi\bblopts.cfg"
File: bblopts.cfg 2005/09/08 v0.1 add Arabic and Farsi to "declared" options of
 babel
)
("C:\Users\rgalv\AppData\Local\Programs\MiKTeX 2.9\tex/latex/babel-czech\czech.
ldf"
Language: czech 2008/07/06 v3.1a Czech support from the babel system

("C:\Users\rgalv\AppData\Local\Programs\MiKTeX 2.9\tex/generic/babel\babel.def"
File: babel.def 2019/04/01 3.28 Babel common definitions
\babel@savecnt=\count100
\U@D=\dimen107

("C:\Users\rgalv\AppData\Local\Programs\MiKTeX 2.9\tex/generic/babel\txtbabel.d
ef")
\bbl@dirlevel=\count101
)
Package babel Info: Making " an active character on input line 172.
\cs@wordlen=\count102
Package babel Info: Making - an active character on input line 226.
))
("C:\Users\rgalv\AppData\Local\Programs\MiKTeX 2.9\tex/latex/lm\lmodern.sty"
Package: lmodern 2009/10/30 v1.6 Latin Modern Fonts
LaTeX Font Info:    Overwriting symbol font `operators' in version `normal'
(Font)                  OT1/cmr/m/n --> OT1/lmr/m/n on input line 22.
LaTeX Font Info:    Overwriting symbol font `letters' in version `normal'
(Font)                  OML/cmm/m/it --> OML/lmm/m/it on input line 23.
LaTeX Font Info:    Overwriting symbol font `symbols' in version `normal'
(Font)                  OMS/cmsy/m/n --> OMS/lmsy/m/n on input line 24.
LaTeX Font Info:    Overwriting symbol font `largesymbols' in version `normal'
(Font)                  OMX/cmex/m/n --> OMX/lmex/m/n on input line 25.
LaTeX Font Info:    Overwriting symbol font `operators' in version `bold'
(Font)                  OT1/cmr/bx/n --> OT1/lmr/bx/n on input line 26.
LaTeX Font Info:    Overwriting symbol font `letters' in version `bold'
(Font)                  OML/cmm/b/it --> OML/lmm/b/it on input line 27.
LaTeX Font Info:    Overwriting symbol font `symbols' in version `bold'
(Font)                  OMS/cmsy/b/n --> OMS/lmsy/b/n on input line 28.
LaTeX Font Info:    Overwriting symbol font `largesymbols' in version `bold'
(Font)                  OMX/cmex/m/n --> OMX/lmex/m/n on input line 29.
LaTeX Font Info:    Overwriting math alphabet `\mathbf' in version `normal'
(Font)                  OT1/cmr/bx/n --> OT1/lmr/bx/n on input line 31.
LaTeX Font Info:    Overwriting math alphabet `\mathsf' in version `normal'
(Font)                  OT1/cmss/m/n --> OT1/lmss/m/n on input line 32.
LaTeX Font Info:    Overwriting math alphabet `\mathit' in version `normal'
(Font)                  OT1/cmr/m/it --> OT1/lmr/m/it on input line 33.
LaTeX Font Info:    Overwriting math alphabet `\mathtt' in version `normal'
(Font)                  OT1/cmtt/m/n --> OT1/lmtt/m/n on input line 34.
LaTeX Font Info:    Overwriting math alphabet `\mathbf' in version `bold'
(Font)                  OT1/cmr/bx/n --> OT1/lmr/bx/n on input line 35.
LaTeX Font Info:    Overwriting math alphabet `\mathsf' in version `bold'
(Font)                  OT1/cmss/bx/n --> OT1/lmss/bx/n on input line 36.
LaTeX Font Info:    Overwriting math alphabet `\mathit' in version `bold'
(Font)                  OT1/cmr/bx/it --> OT1/lmr/bx/it on input line 37.
LaTeX Font Info:    Overwriting math alphabet `\mathtt' in version `bold'
(Font)                  OT1/cmtt/m/n --> OT1/lmtt/m/n on input line 38.
)
("C:\Users\rgalv\AppData\Local\Programs\MiKTeX 2.9\tex/latex/base\fontenc.sty"
Package: fontenc 2018/08/11 v2.0j Standard LaTeX package

("C:\Users\rgalv\AppData\Local\Programs\MiKTeX 2.9\tex/latex/base\t1enc.def"
File: t1enc.def 2018/08/11 v2.0j Standard LaTeX file
LaTeX Font Info:    Redeclaring font encoding T1 on input line 48.
))
("C:\Users\rgalv\AppData\Local\Programs\MiKTeX 2.9\tex/latex/base\textcomp.sty"
Package: textcomp 2018/08/11 v2.0j Standard LaTeX package
Package textcomp Info: Sub-encoding information:
(textcomp)               5 = only ISO-Adobe without \textcurrency
(textcomp)               4 = 5 + \texteuro
(textcomp)               3 = 4 + \textohm
(textcomp)               2 = 3 + \textestimated + \textcurrency
(textcomp)               1 = TS1 - \textcircled - \t
(textcomp)               0 = TS1 (full)
(textcomp)             Font families with sub-encoding setting implement
(textcomp)             only a restricted character set as indicated.
(textcomp)             Family '?' is the default used for unknown fonts.
(textcomp)             See the documentation for details.
Package textcomp Info: Setting ? sub-encoding to TS1/1 on input line 79.
("C:\Users\rgalv\AppData\Local\Programs\MiKTeX 2.9\tex/latex/base\ts1enc.def"
File: ts1enc.def 2001/06/05 v3.0e (jk/car/fm) Standard LaTeX file
Now handling font encoding TS1 ...
... processing UTF-8 mapping file for font encoding TS1

("C:\Users\rgalv\AppData\Local\Programs\MiKTeX 2.9\tex/latex/base\ts1enc.dfu"
File: ts1enc.dfu 2018/10/05 v1.2f UTF-8 support for inputenc
   defining Unicode char U+00A2 (decimal 162)
   defining Unicode char U+00A3 (decimal 163)
   defining Unicode char U+00A4 (decimal 164)
   defining Unicode char U+00A5 (decimal 165)
   defining Unicode char U+00A6 (decimal 166)
   defining Unicode char U+00A7 (decimal 167)
   defining Unicode char U+00A8 (decimal 168)
   defining Unicode char U+00A9 (decimal 169)
   defining Unicode char U+00AA (decimal 170)
   defining Unicode char U+00AC (decimal 172)
   defining Unicode char U+00AE (decimal 174)
   defining Unicode char U+00AF (decimal 175)
   defining Unicode char U+00B0 (decimal 176)
   defining Unicode char U+00B1 (decimal 177)
   defining Unicode char U+00B2 (decimal 178)
   defining Unicode char U+00B3 (decimal 179)
   defining Unicode char U+00B4 (decimal 180)
   defining Unicode char U+00B5 (decimal 181)
   defining Unicode char U+00B6 (decimal 182)
   defining Unicode char U+00B7 (decimal 183)
   defining Unicode char U+00B9 (decimal 185)
   defining Unicode char U+00BA (decimal 186)
   defining Unicode char U+00BC (decimal 188)
   defining Unicode char U+00BD (decimal 189)
   defining Unicode char U+00BE (decimal 190)
   defining Unicode char U+00D7 (decimal 215)
   defining Unicode char U+00F7 (decimal 247)
   defining Unicode char U+0192 (decimal 402)
   defining Unicode char U+02C7 (decimal 711)
   defining Unicode char U+02D8 (decimal 728)
   defining Unicode char U+02DD (decimal 733)
   defining Unicode char U+0E3F (decimal 3647)
   defining Unicode char U+2016 (decimal 8214)
   defining Unicode char U+2020 (decimal 8224)
   defining Unicode char U+2021 (decimal 8225)
   defining Unicode char U+2022 (decimal 8226)
   defining Unicode char U+2030 (decimal 8240)
   defining Unicode char U+2031 (decimal 8241)
   defining Unicode char U+203B (decimal 8251)
   defining Unicode char U+203D (decimal 8253)
   defining Unicode char U+2044 (decimal 8260)
   defining Unicode char U+204E (decimal 8270)
   defining Unicode char U+2052 (decimal 8274)
   defining Unicode char U+20A1 (decimal 8353)
   defining Unicode char U+20A4 (decimal 8356)
   defining Unicode char U+20A6 (decimal 8358)
   defining Unicode char U+20A9 (decimal 8361)
   defining Unicode char U+20AB (decimal 8363)
   defining Unicode char U+20AC (decimal 8364)
   defining Unicode char U+20B1 (decimal 8369)
   defining Unicode char U+2103 (decimal 8451)
   defining Unicode char U+2116 (decimal 8470)
   defining Unicode char U+2117 (decimal 8471)
   defining Unicode char U+211E (decimal 8478)
   defining Unicode char U+2120 (decimal 8480)
   defining Unicode char U+2122 (decimal 8482)
   defining Unicode char U+2126 (decimal 8486)
   defining Unicode char U+2127 (decimal 8487)
   defining Unicode char U+212E (decimal 8494)
   defining Unicode char U+2190 (decimal 8592)
   defining Unicode char U+2191 (decimal 8593)
   defining Unicode char U+2192 (decimal 8594)
   defining Unicode char U+2193 (decimal 8595)
   defining Unicode char U+2329 (decimal 9001)
   defining Unicode char U+232A (decimal 9002)
   defining Unicode char U+2422 (decimal 9250)
   defining Unicode char U+25E6 (decimal 9702)
   defining Unicode char U+25EF (decimal 9711)
   defining Unicode char U+266A (decimal 9834)
   defining Unicode char U+FEFF (decimal 65279)
))
LaTeX Info: Redefining \oldstylenums on input line 334.
Package textcomp Info: Setting cmr sub-encoding to TS1/0 on input line 349.
Package textcomp Info: Setting cmss sub-encoding to TS1/0 on input line 350.
Package textcomp Info: Setting cmtt sub-encoding to TS1/0 on input line 351.
Package textcomp Info: Setting cmvtt sub-encoding to TS1/0 on input line 352.
Package textcomp Info: Setting cmbr sub-encoding to TS1/0 on input line 353.
Package textcomp Info: Setting cmtl sub-encoding to TS1/0 on input line 354.
Package textcomp Info: Setting ccr sub-encoding to TS1/0 on input line 355.
Package textcomp Info: Setting ptm sub-encoding to TS1/4 on input line 356.
Package textcomp Info: Setting pcr sub-encoding to TS1/4 on input line 357.
Package textcomp Info: Setting phv sub-encoding to TS1/4 on input line 358.
Package textcomp Info: Setting ppl sub-encoding to TS1/3 on input line 359.
Package textcomp Info: Setting pag sub-encoding to TS1/4 on input line 360.
Package textcomp Info: Setting pbk sub-encoding to TS1/4 on input line 361.
Package textcomp Info: Setting pnc sub-encoding to TS1/4 on input line 362.
Package textcomp Info: Setting pzc sub-encoding to TS1/4 on input line 363.
Package textcomp Info: Setting bch sub-encoding to TS1/4 on input line 364.
Package textcomp Info: Setting put sub-encoding to TS1/5 on input line 365.
Package textcomp Info: Setting uag sub-encoding to TS1/5 on input line 366.
Package textcomp Info: Setting ugq sub-encoding to TS1/5 on input line 367.
Package textcomp Info: Setting ul8 sub-encoding to TS1/4 on input line 368.
Package textcomp Info: Setting ul9 sub-encoding to TS1/4 on input line 369.
Package textcomp Info: Setting augie sub-encoding to TS1/5 on input line 370.
Package textcomp Info: Setting dayrom sub-encoding to TS1/3 on input line 371.
Package textcomp Info: Setting dayroms sub-encoding to TS1/3 on input line 372.

Package textcomp Info: Setting pxr sub-encoding to TS1/0 on input line 373.
Package textcomp Info: Setting pxss sub-encoding to TS1/0 on input line 374.
Package textcomp Info: Setting pxtt sub-encoding to TS1/0 on input line 375.
Package textcomp Info: Setting txr sub-encoding to TS1/0 on input line 376.
Package textcomp Info: Setting txss sub-encoding to TS1/0 on input line 377.
Package textcomp Info: Setting txtt sub-encoding to TS1/0 on input line 378.
Package textcomp Info: Setting lmr sub-encoding to TS1/0 on input line 379.
Package textcomp Info: Setting lmdh sub-encoding to TS1/0 on input line 380.
Package textcomp Info: Setting lmss sub-encoding to TS1/0 on input line 381.
Package textcomp Info: Setting lmssq sub-encoding to TS1/0 on input line 382.
Package textcomp Info: Setting lmvtt sub-encoding to TS1/0 on input line 383.
Package textcomp Info: Setting lmtt sub-encoding to TS1/0 on input line 384.
Package textcomp Info: Setting qhv sub-encoding to TS1/0 on input line 385.
Package textcomp Info: Setting qag sub-encoding to TS1/0 on input line 386.
Package textcomp Info: Setting qbk sub-encoding to TS1/0 on input line 387.
Package textcomp Info: Setting qcr sub-encoding to TS1/0 on input line 388.
Package textcomp Info: Setting qcs sub-encoding to TS1/0 on input line 389.
Package textcomp Info: Setting qpl sub-encoding to TS1/0 on input line 390.
Package textcomp Info: Setting qtm sub-encoding to TS1/0 on input line 391.
Package textcomp Info: Setting qzc sub-encoding to TS1/0 on input line 392.
Package textcomp Info: Setting qhvc sub-encoding to TS1/0 on input line 393.
Package textcomp Info: Setting futs sub-encoding to TS1/4 on input line 394.
Package textcomp Info: Setting futx sub-encoding to TS1/4 on input line 395.
Package textcomp Info: Setting futj sub-encoding to TS1/4 on input line 396.
Package textcomp Info: Setting hlh sub-encoding to TS1/3 on input line 397.
Package textcomp Info: Setting hls sub-encoding to TS1/3 on input line 398.
Package textcomp Info: Setting hlst sub-encoding to TS1/3 on input line 399.
Package textcomp Info: Setting hlct sub-encoding to TS1/5 on input line 400.
Package textcomp Info: Setting hlx sub-encoding to TS1/5 on input line 401.
Package textcomp Info: Setting hlce sub-encoding to TS1/5 on input line 402.
Package textcomp Info: Setting hlcn sub-encoding to TS1/5 on input line 403.
Package textcomp Info: Setting hlcw sub-encoding to TS1/5 on input line 404.
Package textcomp Info: Setting hlcf sub-encoding to TS1/5 on input line 405.
Package textcomp Info: Setting pplx sub-encoding to TS1/3 on input line 406.
Package textcomp Info: Setting pplj sub-encoding to TS1/3 on input line 407.
Package textcomp Info: Setting ptmx sub-encoding to TS1/4 on input line 408.
Package textcomp Info: Setting ptmj sub-encoding to TS1/4 on input line 409.
) ("C:\Users\rgalv\AppData\Local\Programs\MiKTeX 2.9\tex/latex/base\inputenc.st
y"
Package: inputenc 2018/08/11 v1.3c Input encoding file
)
("C:\Users\rgalv\AppData\Local\Programs\MiKTeX 2.9\tex/latex/amsmath\amsmath.st
y"
Package: amsmath 2018/12/01 v2.17b AMS math features
\@mathmargin=\skip44

For additional information on amsmath, use the `?' option.

("C:\Users\rgalv\AppData\Local\Programs\MiKTeX 2.9\tex/latex/amsmath\amstext.st
y"
Package: amstext 2000/06/29 v2.01 AMS text

("C:\Users\rgalv\AppData\Local\Programs\MiKTeX 2.9\tex/latex/amsmath\amsgen.sty
"
File: amsgen.sty 1999/11/30 v2.0 generic functions
\@emptytoks=\toks19
\ex@=\dimen108
))
("C:\Users\rgalv\AppData\Local\Programs\MiKTeX 2.9\tex/latex/amsmath\amsbsy.sty
"
Package: amsbsy 1999/11/29 v1.2d Bold Symbols
\pmbraise@=\dimen109
)
("C:\Users\rgalv\AppData\Local\Programs\MiKTeX 2.9\tex/latex/amsmath\amsopn.sty
"
Package: amsopn 2016/03/08 v2.02 operator names
)
\inf@bad=\count103
LaTeX Info: Redefining \frac on input line 223.
\uproot@=\count104
\leftroot@=\count105
LaTeX Info: Redefining \overline on input line 385.
\classnum@=\count106
\DOTSCASE@=\count107
LaTeX Info: Redefining \ldots on input line 482.
LaTeX Info: Redefining \dots on input line 485.
LaTeX Info: Redefining \cdots on input line 606.
\Mathstrutbox@=\box27
\strutbox@=\box28
\big@size=\dimen110
LaTeX Font Info:    Redeclaring font encoding OML on input line 729.
LaTeX Font Info:    Redeclaring font encoding OMS on input line 730.
\macc@depth=\count108
\c@MaxMatrixCols=\count109
\dotsspace@=\muskip11
\c@parentequation=\count110
\dspbrk@lvl=\count111
\tag@help=\toks20
\row@=\count112
\column@=\count113
\maxfields@=\count114
\andhelp@=\toks21
\eqnshift@=\dimen111
\alignsep@=\dimen112
\tagshift@=\dimen113
\tagwidth@=\dimen114
\totwidth@=\dimen115
\lineht@=\dimen116
\@envbody=\toks22
\multlinegap=\skip45
\multlinetaggap=\skip46
\mathdisplay@stack=\toks23
LaTeX Info: Redefining \[ on input line 2844.
LaTeX Info: Redefining \] on input line 2845.
)
("C:\Users\rgalv\AppData\Local\Programs\MiKTeX 2.9\tex/latex/amsfonts\amsfonts.
sty"
Package: amsfonts 2013/01/14 v3.01 Basic AMSFonts support
\symAMSa=\mathgroup4
\symAMSb=\mathgroup5
LaTeX Font Info:    Overwriting math alphabet `\mathfrak' in version `bold'
(Font)                  U/euf/m/n --> U/euf/b/n on input line 106.
)
("C:\Users\rgalv\AppData\Local\Programs\MiKTeX 2.9\tex/latex/amscls\amsthm.sty"
Package: amsthm 2017/10/31 v2.20.4
\thm@style=\toks24
\thm@bodyfont=\toks25
\thm@headfont=\toks26
\thm@notefont=\toks27
\thm@headpunct=\toks28
\thm@preskip=\skip47
\thm@postskip=\skip48
\thm@headsep=\skip49
\dth@everypar=\toks29
) ("C:\Users\rgalv\AppData\Local\Programs\MiKTeX 2.9\tex/latex/bbding\bbding.st
y"
Package: bbding 1999/04/15 v1.01 Dingbats symbols
) ("C:\Users\rgalv\AppData\Local\Programs\MiKTeX 2.9\tex/latex/tools\bm.sty"
Package: bm 2017/01/16 v1.2c Bold Symbol Support (DPC/FMi)
\symboldoperators=\mathgroup6
\symboldletters=\mathgroup7
\symboldsymbols=\mathgroup8
LaTeX Font Info:    Redeclaring math alphabet \mathbf on input line 141.
LaTeX Info: Redefining \bm on input line 207.
)
("C:\Users\rgalv\AppData\Local\Programs\MiKTeX 2.9\tex/latex/graphics\graphicx.
sty"
Package: graphicx 2017/06/01 v1.1a Enhanced LaTeX Graphics (DPC,SPQR)

("C:\Users\rgalv\AppData\Local\Programs\MiKTeX 2.9\tex/latex/graphics\graphics.
sty"
Package: graphics 2017/06/25 v1.2c Standard LaTeX Graphics (DPC,SPQR)

("C:\Users\rgalv\AppData\Local\Programs\MiKTeX 2.9\tex/latex/graphics\trig.sty"
Package: trig 2016/01/03 v1.10 sin cos tan (DPC)
)
("C:\Users\rgalv\AppData\Local\Programs\MiKTeX 2.9\tex/latex/graphics-cfg\graph
ics.cfg"
File: graphics.cfg 2016/06/04 v1.11 sample graphics configuration
)
Package graphics Info: Driver file: pdftex.def on input line 99.
)
\Gin@req@height=\dimen117
\Gin@req@width=\dimen118
)
("C:\Users\rgalv\AppData\Local\Programs\MiKTeX 2.9\tex/latex/fancyvrb\fancyvrb.
sty"
Package: fancyvrb 2019/01/15
 Style option: `fancyvrb' v3.2a <2019/01/15> (tvz)
\FV@CodeLineNo=\count115
\FV@InFile=\read2
\FV@TabBox=\box29
\c@FancyVerbLine=\count116
\FV@StepNumber=\count117
\FV@OutFile=\write4
)
("C:\Users\rgalv\AppData\Local\Programs\MiKTeX 2.9\tex/latex/tools\indentfirst.
sty"
Package: indentfirst 1995/11/23 v1.03 Indent first paragraph (DPC)
)
("C:\Users\rgalv\AppData\Local\Programs\MiKTeX 2.9\tex/latex/natbib\natbib.sty"
Package: natbib 2010/09/13 8.31b (PWD, AO)
\bibhang=\skip50
\bibsep=\skip51
LaTeX Info: Redefining \cite on input line 694.
\c@NAT@ctr=\count118
)
("C:\Users\rgalv\AppData\Local\Programs\MiKTeX 2.9\tex/latex/tocbibind\tocbibin
d.sty"
Package: tocbibind 2010/10/13 v1.5k extra ToC listings
Package tocbibind Info: The document has chapter divisions on input line 50.


Package tocbibind Note: Using chapter style headings, unless overridden.

) ("C:\Users\rgalv\AppData\Local\Programs\MiKTeX 2.9\tex/latex/was\icomma.sty"
Package: icomma 2002/03/10 v2.0 (WaS)
) ("C:\Users\rgalv\AppData\Local\Programs\MiKTeX 2.9\tex/latex/tools\dcolumn.st
y"
Package: dcolumn 2014/10/28 v1.06 decimal alignment package (DPC)
 ("C:\Users\rgalv\AppData\Local\Programs\MiKTeX 2.9\tex/latex/tools\array.sty"
Package: array 2018/12/30 v2.4k Tabular extension package (FMi)
\col@sep=\dimen119
\ar@mcellbox=\box30
\extrarowheight=\dimen120
\NC@list=\toks30
\extratabsurround=\skip52
\backup@length=\skip53
\ar@cellbox=\box31
))
("C:\Users\rgalv\AppData\Local\Programs\MiKTeX 2.9\tex/latex/booktabs\booktabs.
sty"
Package: booktabs 2005/04/14 v1.61803 publication quality tables
\heavyrulewidth=\dimen121
\lightrulewidth=\dimen122
\cmidrulewidth=\dimen123
\belowrulesep=\dimen124
\belowbottomsep=\dimen125
\aboverulesep=\dimen126
\abovetopsep=\dimen127
\cmidrulesep=\dimen128
\cmidrulekern=\dimen129
\defaultaddspace=\dimen130
\@cmidla=\count119
\@cmidlb=\count120
\@aboverulesep=\dimen131
\@belowrulesep=\dimen132
\@thisruleclass=\count121
\@lastruleclass=\count122
\@thisrulewidth=\dimen133
)
("C:\Users\rgalv\AppData\Local\Programs\MiKTeX 2.9\tex/latex/paralist\paralist.
sty"
Package: paralist 2017/01/22 v2.7 Extended list environments
\pltopsep=\skip54
\plpartopsep=\skip55
\plitemsep=\skip56
\plparsep=\skip57
\pl@lab=\toks31
)
("C:\Users\rgalv\AppData\Local\Programs\MiKTeX 2.9\tex/latex/listings\listings.
sty"
\lst@mode=\count123
\lst@gtempboxa=\box32
\lst@token=\toks32
\lst@length=\count124
\lst@currlwidth=\dimen134
\lst@column=\count125
\lst@pos=\count126
\lst@lostspace=\dimen135
\lst@width=\dimen136
\lst@newlines=\count127
\lst@lineno=\count128
\lst@maxwidth=\dimen137

("C:\Users\rgalv\AppData\Local\Programs\MiKTeX 2.9\tex/latex/listings\lstmisc.s
ty"
File: lstmisc.sty 2019/02/27 1.8b (Carsten Heinz)
\c@lstnumber=\count129
\lst@skipnumbers=\count130
\lst@framebox=\box33
)
("C:\Users\rgalv\AppData\Local\Programs\MiKTeX 2.9\tex/latex/listings\listings.
cfg"
File: listings.cfg 2019/02/27 1.8b listings configuration
))
Package: listings 2019/02/27 1.8b (Carsten Heinz)
Package hyperref Info: Option `unicode' set `true' on input line 130.
Package hyperref Info: Option `breaklinks' set `true' on input line 131.

\@input{makra.aux}
\openout2 = `makra.aux'.

(makra.tex
\c@veta=\count131
\c@definice=\count132
) (prace.aux (titulka.aux) (uvod.aux) (kap01.aux) (kap02.aux)
(kap03.aux) (kap04.aux) (kap05.aux

LaTeX Warning: Label `obr5.0' multiply defined.

) (kap06.aux) (zaver.aux) (literatura.aux))
\openout1 = `prace.aux'.

LaTeX Font Info:    Checking defaults for OML/cmm/m/it on input line 137.
LaTeX Font Info:    ... okay on input line 137.
LaTeX Font Info:    Checking defaults for T1/cmr/m/n on input line 137.
LaTeX Font Info:    ... okay on input line 137.
LaTeX Font Info:    Checking defaults for OT1/cmr/m/n on input line 137.
LaTeX Font Info:    ... okay on input line 137.
LaTeX Font Info:    Checking defaults for OMS/cmsy/m/n on input line 137.
LaTeX Font Info:    ... okay on input line 137.
LaTeX Font Info:    Checking defaults for OMX/cmex/m/n on input line 137.
LaTeX Font Info:    ... okay on input line 137.
LaTeX Font Info:    Checking defaults for U/cmr/m/n on input line 137.
LaTeX Font Info:    ... okay on input line 137.
LaTeX Font Info:    Checking defaults for PD1/pdf/m/n on input line 137.
LaTeX Font Info:    ... okay on input line 137.
LaTeX Font Info:    Checking defaults for PU/pdf/m/n on input line 137.
LaTeX Font Info:    ... okay on input line 137.
LaTeX Font Info:    Checking defaults for TS1/cmr/m/n on input line 137.
LaTeX Font Info:    Try loading font information for TS1+cmr on input line 137.


("C:\Users\rgalv\AppData\Local\Programs\MiKTeX 2.9\tex/latex/base\ts1cmr.fd"
File: ts1cmr.fd 2014/09/29 v2.5h Standard LaTeX font definitions
)
LaTeX Font Info:    ... okay on input line 137.
LaTeX Font Info:    Try loading font information for T1+lmr on input line 137.

("C:\Users\rgalv\AppData\Local\Programs\MiKTeX 2.9\tex/latex/lm\t1lmr.fd"
File: t1lmr.fd 2009/10/30 v1.6 Font defs for Latin Modern
)
ABD: EveryShipout initializing macros
("C:\Users\rgalv\AppData\Local\Programs\MiKTeX 2.9\tex/context/base/mkii\supp-p
df.mkii"
[Loading MPS to PDF converter (version 2006.09.02).]
\scratchcounter=\count133
\scratchdimen=\dimen138
\scratchbox=\box34
\nofMPsegments=\count134
\nofMParguments=\count135
\everyMPshowfont=\toks33
\MPscratchCnt=\count136
\MPscratchDim=\dimen139
\MPnumerator=\count137
\makeMPintoPDFobject=\count138
\everyMPtoPDFconversion=\toks34
)
("C:\Users\rgalv\AppData\Local\Programs\MiKTeX 2.9\tex/latex/oberdiek\epstopdf-
base.sty"
Package: epstopdf-base 2016/05/15 v2.6 Base part for package epstopdf

("C:\Users\rgalv\AppData\Local\Programs\MiKTeX 2.9\tex/latex/oberdiek\grfext.st
y"
Package: grfext 2016/05/16 v1.2 Manage graphics extensions (HO)
)
Package epstopdf-base Info: Redefining graphics rule for `.eps' on input line 4
38.
Package grfext Info: Graphics extension search list:
(grfext)             [.pdf,.png,.jpg,.mps,.jpeg,.jbig2,.jb2,.PDF,.PNG,.JPG,.JPE
G,.JBIG2,.JB2,.eps]
(grfext)             \AppendGraphicsExtensions on input line 456.
)
\AtBeginShipoutBox=\box35
Package hyperref Info: Link coloring OFF on input line 137.

("C:\Users\rgalv\AppData\Local\Programs\MiKTeX 2.9\tex/latex/hyperref\nameref.s
ty"
Package: nameref 2016/05/21 v2.44 Cross-referencing by name of section

("C:\Users\rgalv\AppData\Local\Programs\MiKTeX 2.9\tex/generic/oberdiek\gettitl
estring.sty"
Package: gettitlestring 2016/05/16 v1.5 Cleanup title references (HO)
)
\c@section@level=\count139
)
LaTeX Info: Redefining \ref on input line 137.
LaTeX Info: Redefining \pageref on input line 137.
LaTeX Info: Redefining \nameref on input line 137.
 (prace.out) (prace.out)
\@outlinefile=\write5
\openout5 = `prace.out'.

\c@lstlisting=\count140
\openout2 = `titulka.aux'.

 (titulka.tex
Package hyperref Info: Option `pageanchor' set `false' on input line 6.
<../img/logo-cs.pdf, id=198, 506.4591pt x 156.49065pt>
File: ../img/logo-cs.pdf Graphic file (type pdf)
<use ../img/logo-cs.pdf>
Package pdftex.def Info: ../img/logo-cs.pdf  used on input line 10.
(pdftex.def)             Requested size: 472.31573pt x 145.9455pt.
LaTeX Font Info:    Try loading font information for OT1+lmr on input line 31.

("C:\Users\rgalv\AppData\Local\Programs\MiKTeX 2.9\tex/latex/lm\ot1lmr.fd"
File: ot1lmr.fd 2009/10/30 v1.6 Font defs for Latin Modern
)
LaTeX Font Info:    Try loading font information for OML+lmm on input line 31.

("C:\Users\rgalv\AppData\Local\Programs\MiKTeX 2.9\tex/latex/lm\omllmm.fd"
File: omllmm.fd 2009/10/30 v1.6 Font defs for Latin Modern
)
LaTeX Font Info:    Try loading font information for OMS+lmsy on input line 31.


("C:\Users\rgalv\AppData\Local\Programs\MiKTeX 2.9\tex/latex/lm\omslmsy.fd"
File: omslmsy.fd 2009/10/30 v1.6 Font defs for Latin Modern
)
LaTeX Font Info:    Try loading font information for OMX+lmex on input line 31.


("C:\Users\rgalv\AppData\Local\Programs\MiKTeX 2.9\tex/latex/lm\omxlmex.fd"
File: omxlmex.fd 2009/10/30 v1.6 Font defs for Latin Modern
)
LaTeX Font Info:    External font `lmex10' loaded for size
(Font)              <12> on input line 31.
LaTeX Font Info:    External font `lmex10' loaded for size
(Font)              <8> on input line 31.
LaTeX Font Info:    External font `lmex10' loaded for size
(Font)              <6> on input line 31.
LaTeX Font Info:    Try loading font information for U+msa on input line 31.

("C:\Users\rgalv\AppData\Local\Programs\MiKTeX 2.9\tex/latex/amsfonts\umsa.fd"
File: umsa.fd 2013/01/14 v3.01 AMS symbols A
)
LaTeX Font Info:    Try loading font information for U+msb on input line 31.
("C:\Users\rgalv\AppData\Local\Programs\MiKTeX 2.9\tex/latex/amsfonts\umsb.fd"
File: umsb.fd 2013/01/14 v3.01 AMS symbols B
) [1




 <../img/logo-cs.pdf>]
Package hyperref Info: Option `pageanchor' set `true' on input line 55.
 [1

] [2

] [3

]) (prace.toc [1



])
\tf@toc=\write6
\openout6 = `prace.toc'.

 [2]
\openout2 = `uvod.aux'.

 (uvod.tex) [3


]
\openout2 = `kap01.aux'.


(kap01.tex
Kapitola 1.
LaTeX Font Info:    Try loading font information for TS1+lmr on input line 27.
("C:\Users\rgalv\AppData\Local\Programs\MiKTeX 2.9\tex/latex/lm\ts1lmr.fd"
File: ts1lmr.fd 2009/10/30 v1.6 Font defs for Latin Modern
)
[4



] [5]
<../img/combStructures.png, id=318, 1192.455pt x 1577.895pt>
File: ../img/combStructures.png Graphic file (type png)
<use ../img/combStructures.png>
Package pdftex.def Info: ../img/combStructures.png  used on input line 73.
(pdftex.def)             Requested size: 412.56496pt x 545.91528pt.
<../img/secondary_structure.png, id=320, 660.96938pt x 434.37282pt>
File: ../img/secondary_structure.png Graphic file (type png)
<use ../img/secondary_structure.png>
Package pdftex.def Info: ../img/secondary_structure.png  used on input line 85.

(pdftex.def)             Requested size: 412.56496pt x 271.13768pt.
<../img/ecoli_rna_example.png, id=328, 773.89125pt x 592.46344pt>
File: ../img/ecoli_rna_example.png Graphic file (type png)
<use ../img/ecoli_rna_example.png>
Package pdftex.def Info: ../img/ecoli_rna_example.png  used on input line 101.
(pdftex.def)             Requested size: 412.56496pt x 315.84834pt.
 [6] [7 <../img/combStructures.png>] [8 <../img/secondary_structure.png> <../im
g/ecoli_rna_example.png>]
<../img/x-ray.jpg, id=350, 356.23354pt x 145.81912pt>
File: ../img/x-ray.jpg Graphic file (type jpg)
<use ../img/x-ray.jpg>
Package pdftex.def Info: ../img/x-ray.jpg  used on input line 131.
(pdftex.def)             Requested size: 412.56496pt x 168.88329pt.
) [9 <../img/x-ray.jpg>] [10]
\openout2 = `kap02.aux'.

 (kap02.tex
Kapitola 2.
<../img/zones_of_aln.png, id=370, 706.89093pt x 427.5975pt>
File: ../img/zones_of_aln.png Graphic file (type png)
<use ../img/zones_of_aln.png>
Package pdftex.def Info: ../img/zones_of_aln.png  used on input line 15.
(pdftex.def)             Requested size: 412.56496pt x 249.55957pt.

Overfull \hbox (2.99599pt too wide) in paragraph at lines 21--22
\T1/lmr/m/n/12 chemicko-fyzikálnych vlast-ností, v¤aka kto-rým sa v re-ál-nom s
vete ²truk-t-úra skladá|
 []

[11



]
<../img/str_reprezentace_uhly.png, id=385, 763.35187pt x 396.7322pt>
File: ../img/str_reprezentace_uhly.png Graphic file (type png)
<use ../img/str_reprezentace_uhly.png>
Package pdftex.def Info: ../img/str_reprezentace_uhly.png  used on input line 3
7.
(pdftex.def)             Requested size: 412.56496pt x 214.41985pt.
 [12 <../img/zones_of_aln.png>]
<../img/needlemanwunsch.png, id=408, 385.44pt x 385.44pt>
File: ../img/needlemanwunsch.png Graphic file (type png)
<use ../img/needlemanwunsch.png>
Package pdftex.def Info: ../img/needlemanwunsch.png  used on input line 53.
(pdftex.def)             Requested size: 412.56496pt x 412.56375pt.
LaTeX Font Info:    Try loading font information for T1+lmtt on input line 54.

("C:\Users\rgalv\AppData\Local\Programs\MiKTeX 2.9\tex/latex/lm\t1lmtt.fd"
File: t1lmtt.fd 2009/10/30 v1.6 Font defs for Latin Modern
)
Underfull \hbox (badness 5331) in paragraph at lines 54--54
[]\T1/lmr/m/n/12 Obrázek 2.3: []NeedlemanWunsch al-go-ri-thm (2014) Wi-ki-pe-d
ia do-stupné
 []


Underfull \hbox (badness 10000) in paragraph at lines 54--54
\T1/lmr/m/n/12 na []$\T1/lmtt/m/n/12 https : / / en . wikipedia . org / wiki / 
Needleman \ T1 \ textendashWunsch _
 []

[13 <../img/str_reprezentace_uhly.png>] [14 <../img/needlemanwunsch.png>]
<../img/template-vs-denovo.jpg, id=435, 611.28375pt x 498.86375pt>
File: ../img/template-vs-denovo.jpg Graphic file (type jpg)
<use ../img/template-vs-denovo.jpg>
Package pdftex.def Info: ../img/template-vs-denovo.jpg  used on input line 90.
(pdftex.def)             Requested size: 412.56496pt x 336.68805pt.

[15] [16 <../img/template-vs-denovo.jpg>] [17]) [18]
\openout2 = `kap03.aux'.

 (kap03.tex
Kapitola 3.
[19



]
<../img/aln-problems.png, id=502, 596.98032pt x 609.77812pt>
File: ../img/aln-problems.png Graphic file (type png)
<use ../img/aln-problems.png>
Package pdftex.def Info: ../img/aln-problems.png  used on input line 52.
(pdftex.def)             Requested size: 412.56496pt x 421.40797pt.
 [20] [21 <../img/aln-problems.png>]
<../img/sphere.png, id=515, 630.85687pt x 411.03563pt>
File: ../img/sphere.png Graphic file (type png)
<use ../img/sphere.png>
Package pdftex.def Info: ../img/sphere.png  used on input line 68.
(pdftex.def)             Requested size: 412.56496pt x 268.80695pt.
 [22 <../img/sphere.png>]
<../img/files.png, id=522, 1434.86063pt x 942.52126pt>
File: ../img/files.png Graphic file (type png)
<use ../img/files.png>
Package pdftex.def Info: ../img/files.png  used on input line 87.
(pdftex.def)             Requested size: 412.56496pt x 270.99432pt.
 [23 <../img/files.png>] [24] [25] [26]
Overfull \hbox (7.75291pt too wide) in paragraph at lines 257--258
[]\T1/lmr/m/n/12 V tejto sek-cii rozo-be-ri-eme £a-sovú zlo-ºi-tos´ al-go-ritmu
 ako re-álnu, tak aj asympto-|
 []

[27]
Overfull \hbox (2.46306pt too wide) in paragraph at lines 274--275
[]\T1/lmr/m/n/12 ConnectUnconservedPairs: sek-ven£ný pre-chod na-pre-di-ko-va-n
ými úsekmi \T1/lmr/m/it/12 O(l) |
 []

[28]
<../img/badPredictedRegion.png, id=711, 797.98125pt x 678.28406pt>
File: ../img/badPredictedRegion.png Graphic file (type png)
<use ../img/badPredictedRegion.png>
Package pdftex.def Info: ../img/badPredictedRegion.png  used on input line 308.

(pdftex.def)             Requested size: 412.56496pt x 350.68118pt.
) [29 <../img/badPredictedRegion.png>]
\openout2 = `kap04.aux'.

 (kap04.tex
Kapitola 4.
[30



]
Overfull \hbox (17.56363pt too wide) in paragraph at lines 27--28
[]\T1/lmr/m/n/12 Nain²talova´ soft-ware Ro-setta []$\T1/lmtt/m/n/12 https : / /
 www . rosettacommons . org / software /|
 []


Overfull \hbox (17.82779pt too wide) in paragraph at lines 28--29
[]\T1/lmr/m/n/12 Nain²talova´ soft-ware Em-boss []$\T1/lmtt/m/n/12 http : / / e
mboss . sourceforge . net / what/$[] \T1/lmr/m/n/12 (musí|
 []


Overfull \hbox (24.40256pt too wide) in paragraph at lines 49--50
[]\T1/lmr/m/n/12 Konverzia a spo-je-nie vý-sled-kov FAR-FAR do jed-ného pdb sú-
bora \T1/lmr/m/it/12 ex-tract_pdbs.sh\T1/lmr/m/n/12 . |
 []

[31]
<../img/config.png, id=766, 761.09344pt x 521.69907pt>
File: ../img/config.png Graphic file (type png)
<use ../img/config.png>
Package pdftex.def Info: ../img/config.png  used on input line 59.
(pdftex.def)             Requested size: 412.56496pt x 282.80388pt.
 [32] [33 <../img/config.png>] [34] [35]) [36] [37]
\openout2 = `kap05.aux'.

 (kap05.tex
Kapitola 5.
<../img/dssr.png, id=836, 689.57625pt x 24.84282pt>
File: ../img/dssr.png Graphic file (type png)
<use ../img/dssr.png>
Package pdftex.def Info: ../img/dssr.png  used on input line 11.
(pdftex.def)             Requested size: 412.56496pt x 14.86333pt.
[38



 <../img/dssr.png>]
Overfull \hbox (3.38252pt too wide) in paragraph at lines 37--38
[][][][][][][][][][] |
 []

[39] [40]
<../img/cleanStr.png, id=948, 453.19313pt x 259.7203pt>
File: ../img/cleanStr.png Graphic file (type png)
<use ../img/cleanStr.png>
Package pdftex.def Info: ../img/cleanStr.png  used on input line 122.
(pdftex.def)             Requested size: 412.56496pt x 236.43698pt.
 [41 <../img/cleanStr.png>]
<../img/rnafold.png, id=957, 761.84625pt x 539.01375pt>
File: ../img/rnafold.png Graphic file (type png)
<use ../img/rnafold.png>
Package pdftex.def Info: ../img/rnafold.png  used on input line 146.
(pdftex.def)             Requested size: 412.56496pt x 291.89377pt.
 [42]
<../img/struct1.png, id=969, 1706.375pt x 1002.74625pt>
File: ../img/struct1.png Graphic file (type png)
<use ../img/struct1.png>
Package pdftex.def Info: ../img/struct1.png  used on input line 174.
(pdftex.def)             Requested size: 412.56496pt x 242.43889pt.
 [43 <../img/rnafold.png>]
<../img/corelation.png, id=976, 1180.41pt x 794.2172pt>
File: ../img/corelation.png Graphic file (type png)
<use ../img/corelation.png>
Package pdftex.def Info: ../img/corelation.png  used on input line 188.
(pdftex.def)             Requested size: 412.56496pt x 277.58026pt.
) [44 <../img/struct1.png>] [45 <../img/corelation.png>]
\openout2 = `kap06.aux'.

 (kap06.tex
Kapitola 6.

Overfull \hbox (4.9202pt too wide) in paragraph at lines 17--18
[]\T1/lmr/m/n/12 Najprv za-rov-na´ heu-ris-tic-kým al-go-rit-mom (BLAST, FASTA)
 []Ste-phen F. Alt-|
 []

[46



]
<../img/emboss.png, id=1004, 512.66531pt x 675.27281pt>
File: ../img/emboss.png Graphic file (type png)
<use ../img/emboss.png>
Package pdftex.def Info: ../img/emboss.png  used on input line 32.
(pdftex.def)             Requested size: 412.56496pt x 543.42348pt.
 [47] [48 <../img/emboss.png>]
Overfull \hbox (13.69513pt too wide) in paragraph at lines 47--48
[]\T1/lmr/m/n/12 Namapujeme vy-braný frag-ment sekun-dár-nej tar-get ²truk-t-úr
y na príslu²né|
 []


Overfull \hbox (1.09196pt too wide) in paragraph at lines 57--58
\T1/lmr/m/n/12 vaný skrip-tom od An-ders S. Christensen-a do-stup-ného na []$\T
1/lmtt/m/n/12 https : / / gist . github .|
 []

[49] [50] [51] [52] [53]
<../img/loss.png, id=1139, 1706.375pt x 1002.74625pt>
File: ../img/loss.png Graphic file (type png)
<use ../img/loss.png>
Package pdftex.def Info: ../img/loss.png  used on input line 216.
(pdftex.def)             Requested size: 412.56496pt x 242.43889pt.
<../img/success.png, id=1140, 1706.375pt x 1002.74625pt>
File: ../img/success.png Graphic file (type png)
<use ../img/success.png>
Package pdftex.def Info: ../img/success.png  used on input line 222.
(pdftex.def)             Requested size: 412.56496pt x 242.43889pt.
) [54] [55 <../img/loss.png> <../img/success.png>]
\openout2 = `zaver.aux'.


(zaver.tex) [56



]
\openout2 = `literatura.aux'.

 (literatura.tex (prace.bbl [57



]
Underfull \hbox (badness 10000) in paragraph at lines 179--188
\T1/lmr/m/n/12 URL []$\T1/lmtt/m/n/12 https : / / app . dimensions . ai / detai
ls / publication / pub .
 []


Underfull \hbox (badness 10000) in paragraph at lines 179--188
\T1/lmtt/m/n/12 1001896118andhttp : / / europepmc . org / articles / pmc2504711
 ? pdf = render$[]\T1/lmr/m/n/12 .
 []

[58])) [59] (prace.lof
Overfull \hbox (3.4318pt too wide) in paragraph at lines 3--3
 [][] [][]\T1/lmr/m/n/12 Na ob-rázku vi-díme zhora-dole tri re-pre-zen-tá-cie m
o-le-kuly 1FWO_B: |
 []


Overfull \hbox (10.91682pt too wide) in paragraph at lines 10--10
 [][] [][]\T1/lmr/m/n/12 NeedlemanWunsch al-go-ri-thm (2014) Wi-ki-pe-dia do-s
tupné na []$\T1/lmtt/m/n/12 https : |
 []


Overfull \hbox (51.07172pt too wide) in paragraph at lines 10--10
 \T1/lmtt/m/n/12 / / en . wikipedia . org / wiki / Needleman \ T1 \ textendashW
unsch _ algorithm$[] |
 []

[60


]
Overfull \hbox (10.0364pt too wide) in paragraph at lines 28--28
 \T1/lmr/m/n/12 úra, mod-rou pre-dik-cia po-u-ºí-vaj-úca vi-a-cero tem-plate ²t
ruk-túr (RMSD |
 []

)
\tf@lof=\write7
\openout7 = `prace.lof'.

 [61] (prace.lot)
\tf@lot=\write8
\openout8 = `prace.lot'.

 [62

]
Package atveryend Info: Empty hook `BeforeClearDocument' on input line 186.
Package atveryend Info: Empty hook `AfterLastShipout' on input line 186.
 (prace.aux (titulka.aux) (uvod.aux) (kap01.aux)
(kap02.aux) (kap03.aux) (kap04.aux) (kap05.aux) (kap06.aux) (zaver.aux)
(literatura.aux))
Package atveryend Info: Executing hook `AtVeryEndDocument' on input line 186.
Package atveryend Info: Executing hook `AtEndAfterFileList' on input line 186.
Package rerunfilecheck Info: File `prace.out' has not changed.
(rerunfilecheck)             Checksum: 63334A501E6410CA6B57B348A91A7026;8321.


LaTeX Warning: There were multiply-defined labels.

Package atveryend Info: Empty hook `AtVeryVeryEnd' on input line 186.
 ) 
Here is how much of TeX's memory you used:
 17959 strings out of 492945
 253196 string characters out of 3126252
 339766 words of memory out of 3000000
 20902 multiletter control sequences out of 15000+200000
 62538 words of font info for 54 fonts, out of 3000000 for 9000
 1141 hyphenation exceptions out of 8191
 37i,14n,37p,1575b,3279s stack positions out of 5000i,500n,10000p,200000b,50000s
{C:/Users/rgalv/AppData/Local/Programs/MiKTeX 2.9/fonts/enc/dvips/lm/lm-ec.en
c}{C:/Users/rgalv/AppData/Local/Programs/MiKTeX 2.9/fonts/enc/dvips/lm/lm-maths
y.enc}{C:/Users/rgalv/AppData/Local/Programs/MiKTeX 2.9/fonts/enc/dvips/lm/lm-m
athit.enc}{C:/Users/rgalv/AppData/Local/Programs/MiKTeX 2.9/fonts/enc/dvips/lm/
lm-mathex.enc}{C:/Users/rgalv/AppData/Local/Programs/MiKTeX 2.9/fonts/enc/dvips
/lm/lm-rm.enc}{C:/Users/rgalv/AppData/Local/Programs/MiKTeX 2.9/fonts/enc/dvips
/lm/lm-ts1.enc}<C:/Users/rgalv/AppData/Local/Programs/MiKTeX 2.9/fonts/type1/pu
blic/lm/lmbx12.pfb><C:/Users/rgalv/AppData/Local/Programs/MiKTeX 2.9/fonts/type
1/public/lm/lmcsc10.pfb><C:/Users/rgalv/AppData/Local/Programs/MiKTeX 2.9/fonts
/type1/public/lm/lmex10.pfb><C:/Users/rgalv/AppData/Local/Programs/MiKTeX 2.9/f
onts/type1/public/lm/lmmi12.pfb><C:/Users/rgalv/AppData/Local/Programs/MiKTeX 2
.9/fonts/type1/public/lm/lmmi8.pfb><C:/Users/rgalv/AppData/Local/Programs/MiKTe
X 2.9/fonts/type1/public/lm/lmr12.pfb><C:/Users/rgalv/AppData/Local/Programs/Mi
KTeX 2.9/fonts/type1/public/lm/lmr17.pfb><C:/Users/rgalv/AppData/Local/Programs
/MiKTeX 2.9/fonts/type1/public/lm/lmr6.pfb><C:/Users/rgalv/AppData/Local/Progra
ms/MiKTeX 2.9/fonts/type1/public/lm/lmr8.pfb><C:/Users/rgalv/AppData/Local/Prog
rams/MiKTeX 2.9/fonts/type1/public/lm/lmri12.pfb><C:/Users/rgalv/AppData/Local/
Programs/MiKTeX 2.9/fonts/type1/public/lm/lmsy10.pfb><C:/Users/rgalv/AppData/Lo
cal/Programs/MiKTeX 2.9/fonts/type1/public/lm/lmsy8.pfb><C:/Users/rgalv/AppData
/Local/Programs/MiKTeX 2.9/fonts/type1/public/lm/lmtt12.pfb>
Output written on prace.pdf (66 pages, 4355964 bytes).
PDF statistics:
 1492 PDF objects out of 1728 (max. 8388607)
 577 named destinations out of 1000 (max. 500000)
 507 words of extra memory for PDF output out of 10000 (max. 10000000)

